1682291525585	geckodriver	INFO	Listening on 127.0.0.1:62305
1682291528653	mozrunner::runner	INFO	Running command: "C:\\Program Files\\Mozilla Firefox\\firefox.exe" "--marionette" "--remote-debugging-port" "62306" "--remote-allow-hosts" "localhost" "-no-remote" "-profile" "C:\\Users\\Xander\\AppData\\Local\\Temp\\rust_mozprofile02OIqi"
console.warn: services.settings: Ignoring preference override of remote settings server
console.warn: services.settings: Allow by setting MOZ_REMOTE_SETTINGS_DEVTOOLS=1 in the environment
1682291529158	Marionette	INFO	Marionette enabled
Dynamically enable window occlusion 0
1682291529167	Marionette	INFO	Listening on port 62319
Read port: 62319
WebDriver BiDi listening on ws://127.0.0.1:62306
1682291529901	RemoteAgent	WARN	TLS certificate errors will be ignored for this session
console.warn: SearchSettings: "get: No settings file exists, new profile?" (new NotFoundError("Could not open the file at C:\\Users\\Xander\\AppData\\Local\\Temp\\rust_mozprofile02OIqi\\search.json.mozlz4", (void 0)))
[ERROR glean_core] Error setting metrics feature config: Json(Error("EOF while parsing a value", line: 1, column: 0))
DevTools listening on ws://127.0.0.1:62306/devtools/browser/f9bc265d-bcbb-4739-b63b-a4a21f2260c7
console.warn: LoginRecipes: "Falling back to a synchronous message for: https://squtrecht.baanreserveren.nl."
console.warn: LoginRecipes: "Falling back to a synchronous message for: https://squtrecht.baanreserveren.nl."
JavaScript error: , line 0: NS_ERROR_NOT_AVAILABLE
1682293554015	Marionette	INFO	Stopped listening on port 62319
Dynamically enable window occlusion 1
ng command: "C:\\Program Files\\Mozilla Firefox\\firefox.exe" "--marionette" "--remote-debugging-port" "63130" "--remote-allow-hosts" "localhost" "-no-remote" "-profile" "C:\\Users\\Xander\\AppData\\Local\\Temp\\rust_mozprofileiwhM90"
console.warn: services.settings: Ignoring preference override of remote settings server
console.warn: services.settings: Allow by setting MOZ_REMOTE_SETTINGS_DEVTOOLS=1 in the environment
1682293173948	Marionette	INFO	Marionette enabled
Dynamically enable window occlusion 0
1682293173954	Marionette	INFO	Listening on port 63139
Read port: 63139
WebDriver BiDi listening on ws://127.0.0.1:63130
1682293174133	RemoteAgent	WARN	TLS certificate errors will be ignored for this session
console.warn: SearchSettings: "get: No settings file exists, new profile?" (new NotFoundError("Could not open the file at C:\\Users\\Xander\\AppData\\Local\\Temp\\rust_mozprofileiwhM90\\search.json.mozlz4", (void 0)))
[ERROR glean_core] Error setting metrics feature config: Json(Error("EOF while parsing a value", line: 1, column: 0))
DevTools listening on ws://127.0.0.1:63130/devtools/browser/56d1ed5b-696c-4f4c-9fef-a2e7e29d20b2
console.warn: LoginRecipes: "Falling back to a synchronous message for: https://squtrecht.baanreserveren.nl."
console.warn: LoginRecipes: "Falling back to a synchronous message for: https://squtrecht.baanreserveren.nl."
1682293277539	Marionette	INFO	Stopped listening on port 63139
Dynamically enable window occlusion 1
1682293592431	geckodriver	INFO	Listening on 127.0.0.1:63494
1682293595498	mozrunner::runner	INFO	Running command: "C:\\Program Files\\Mozilla Firefox\\firefox.exe" "--marionette" "--headless" "--remote-debugging-port" "634 ... " "--remote-allow-hosts" "localhost" "-no-remote" "-profile" "C:\\Users\\Xander\\AppData\\Local\\Temp\\rust_mozprofileILhFQQ"
*** You are running in headless mode.
console.warn: services.settings: Ignoring preference override of remote settings server
console.warn: services.settings: Allow by setting MOZ_REMOTE_SETTINGS_DEVTOOLS=1 in the environment
1682293595954	Marionette	INFO	Marionette enabled
Dynamically enable window occlusion 0
1682293595961	Marionette	INFO	Listening on port 63503
WebDriver BiDi listening on ws://127.0.0.1:63495
Read port: 63503
1682293596130	RemoteAgent	WARN	TLS certificate errors will be ignored for this session
[GFX1-]: RenderCompositorSWGL failed mapping default framebuffer, no dt
console.warn: SearchSettings: "get: No settings file exists, new profile?" (new NotFoundError("Could not open the file at C:\\Users\\Xander\\AppData\\Local\\Temp\\rust_mozprofileILhFQQ\\search.json.mozlz4", (void 0)))
[ERROR glean_core] Error setting metrics feature config: Json(Error("EOF while parsing a value", line: 1, column: 0))
console.error: ({})
DevTools listening on ws://127.0.0.1:63495/devtools/browser/d8bd55ac-b7ab-431e-b077-bcc807cbe444
console.warn: LoginRecipes: "Falling back to a synchronous message for: https://squtrecht.baanreserveren.nl."
console.warn: LoginRecipes: "Falling back to a synchronous message for: https://squtrecht.baanreserveren.nl."
